<?xml version="1.0" encoding="UTF-8"?>
<testsuite xmlns:xsi="http://www.w3.org/2001/XMLSchema-instance" xsi:noNamespaceSchemaLocation="https://maven.apache.org/surefire/maven-surefire-plugin/xsd/surefire-test-report.xsd" name="com.cts.HospitalFrontDeskApplicationTests" time="7.52" tests="1" errors="1" skipped="0" failures="0">
  <properties>
[...]
</properties>
  <testcase name="testGetSpecialistListSuccess" classname="com.cts.HospitalFrontDeskApplicationTests" time="1.651">
    <error message="I/O error on GET request for &quot;http://localhost:8080/hospital/apollo/cardiologist&quot;: Connection refused: connect; nested exception is java.net.ConnectException: Connection refused: connect" type="org.springframework.web.client.ResourceAccessException">org.springframework.web.client.ResourceAccessException: I/O error on GET request for "http://localhost:8080/hospital/apollo/cardiologist": Connection refused: connect; nested exception is java.net.ConnectException: Connection refused: connect
	at com.cts.HospitalFrontDeskApplicationTests.testGetSpecialistListSuccess(HospitalFrontDeskApplicationTests.java:21)
Caused by: java.net.ConnectException: Connection refused: connect
	at com.cts.HospitalFrontDeskApplicationTests.testGetSpecialistListSuccess(HospitalFrontDeskApplicationTests.java:21)
</error>
    <system-out><![CDATA[18:01:17.851 [main] DEBUG org.springframework.test.context.BootstrapUtils - Instantiating CacheAwareContextLoaderDelegate from class [org.springframework.test.context.cache.DefaultCacheAwareContextLoaderDelegate]
18:01:17.879 [main] DEBUG org.springframework.test.context.BootstrapUtils - Instantiating BootstrapContext using constructor [public org.springframework.test.context.support.DefaultBootstrapContext(java.lang.Class,org.springframework.test.context.CacheAwareContextLoaderDelegate)]
18:01:17.926 [main] DEBUG org.springframework.test.context.BootstrapUtils - Instantiating TestContextBootstrapper for test class [com.cts.HospitalFrontDeskApplicationTests] from class [org.springframework.boot.test.context.SpringBootTestContextBootstrapper]
18:01:17.961 [main] INFO org.springframework.boot.test.context.SpringBootTestContextBootstrapper - Neither @ContextConfiguration nor @ContextHierarchy found for test class [com.cts.HospitalFrontDeskApplicationTests], using SpringBootContextLoader
18:01:17.971 [main] DEBUG org.springframework.test.context.support.AbstractContextLoader - Did not detect default resource location for test class [com.cts.HospitalFrontDeskApplicationTests]: class path resource [com/cts/HospitalFrontDeskApplicationTests-context.xml] does not exist
18:01:17.972 [main] DEBUG org.springframework.test.context.support.AbstractContextLoader - Did not detect default resource location for test class [com.cts.HospitalFrontDeskApplicationTests]: class path resource [com/cts/HospitalFrontDeskApplicationTestsContext.groovy] does not exist
18:01:17.972 [main] INFO org.springframework.test.context.support.AbstractContextLoader - Could not detect default resource locations for test class [com.cts.HospitalFrontDeskApplicationTests]: no resource found for suffixes {-context.xml, Context.groovy}.
18:01:17.975 [main] INFO org.springframework.test.context.support.AnnotationConfigContextLoaderUtils - Could not detect default configuration classes for test class [com.cts.HospitalFrontDeskApplicationTests]: HospitalFrontDeskApplicationTests does not declare any static, non-private, non-final, nested classes annotated with @Configuration.
18:01:18.056 [main] DEBUG org.springframework.test.context.support.ActiveProfilesUtils - Could not find an 'annotation declaring class' for annotation type [org.springframework.test.context.ActiveProfiles] and class [com.cts.HospitalFrontDeskApplicationTests]
18:01:18.167 [main] DEBUG org.springframework.context.annotation.ClassPathScanningCandidateComponentProvider - Identified candidate component class: file [C:\kirti\hospital-front-desk\target\classes\com\cts\HospitalFrontDeskApplication.class]
18:01:18.169 [main] INFO org.springframework.boot.test.context.SpringBootTestContextBootstrapper - Found @SpringBootConfiguration com.cts.HospitalFrontDeskApplication for test class com.cts.HospitalFrontDeskApplicationTests
18:01:18.325 [main] DEBUG org.springframework.boot.test.context.SpringBootTestContextBootstrapper - @TestExecutionListeners is not present for class [com.cts.HospitalFrontDeskApplicationTests]: using defaults.
18:01:18.326 [main] INFO org.springframework.boot.test.context.SpringBootTestContextBootstrapper - Loaded default TestExecutionListener class names from location [META-INF/spring.factories]: [org.springframework.boot.test.mock.mockito.MockitoTestExecutionListener, org.springframework.boot.test.mock.mockito.ResetMocksTestExecutionListener, org.springframework.boot.test.autoconfigure.restdocs.RestDocsTestExecutionListener, org.springframework.boot.test.autoconfigure.web.client.MockRestServiceServerResetTestExecutionListener, org.springframework.boot.test.autoconfigure.web.servlet.MockMvcPrintOnlyOnFailureTestExecutionListener, org.springframework.boot.test.autoconfigure.web.servlet.WebDriverTestExecutionListener, org.springframework.test.context.web.ServletTestExecutionListener, org.springframework.test.context.support.DirtiesContextBeforeModesTestExecutionListener, org.springframework.test.context.support.DependencyInjectionTestExecutionListener, org.springframework.test.context.support.DirtiesContextTestExecutionListener, org.springframework.test.context.transaction.TransactionalTestExecutionListener, org.springframework.test.context.jdbc.SqlScriptsTestExecutionListener, org.springframework.test.context.event.EventPublishingTestExecutionListener]
18:01:18.454 [main] DEBUG org.springframework.boot.test.context.SpringBootTestContextBootstrapper - Skipping candidate TestExecutionListener [org.springframework.test.context.transaction.TransactionalTestExecutionListener] due to a missing dependency. Specify custom listener classes or make the default listener classes and their required dependencies available. Offending class: [org/springframework/transaction/interceptor/TransactionAttributeSource]
18:01:18.455 [main] DEBUG org.springframework.boot.test.context.SpringBootTestContextBootstrapper - Skipping candidate TestExecutionListener [org.springframework.test.context.jdbc.SqlScriptsTestExecutionListener] due to a missing dependency. Specify custom listener classes or make the default listener classes and their required dependencies available. Offending class: [org/springframework/transaction/interceptor/TransactionAttribute]
18:01:18.456 [main] INFO org.springframework.boot.test.context.SpringBootTestContextBootstrapper - Using TestExecutionListeners: [org.springframework.test.context.web.ServletTestExecutionListener@54c5a2ff, org.springframework.test.context.support.DirtiesContextBeforeModesTestExecutionListener@6d4d66d2, org.springframework.boot.test.mock.mockito.MockitoTestExecutionListener@2a265ea9, org.springframework.boot.test.autoconfigure.SpringBootDependencyInjectionTestExecutionListener@11392934, org.springframework.test.context.support.DirtiesContextTestExecutionListener@6892b3b6, org.springframework.test.context.event.EventPublishingTestExecutionListener@6e6f2380, org.springframework.boot.test.mock.mockito.ResetMocksTestExecutionListener@76a4ebf2, org.springframework.boot.test.autoconfigure.restdocs.RestDocsTestExecutionListener@2e8c1c9b, org.springframework.boot.test.autoconfigure.web.client.MockRestServiceServerResetTestExecutionListener@53fe15ff, org.springframework.boot.test.autoconfigure.web.servlet.MockMvcPrintOnlyOnFailureTestExecutionListener@449a4f23, org.springframework.boot.test.autoconfigure.web.servlet.WebDriverTestExecutionListener@1530c739]
18:01:18.464 [main] DEBUG org.springframework.test.context.support.AbstractDirtiesContextTestExecutionListener - Before test class: context [DefaultTestContext@27406a17 testClass = HospitalFrontDeskApplicationTests, testInstance = [null], testMethod = [null], testException = [null], mergedContextConfiguration = [WebMergedContextConfiguration@2af004b testClass = HospitalFrontDeskApplicationTests, locations = '{}', classes = '{class com.cts.HospitalFrontDeskApplication}', contextInitializerClasses = '[]', activeProfiles = '{}', propertySourceLocations = '{}', propertySourceProperties = '{org.springframework.boot.test.context.SpringBootTestContextBootstrapper=true}', contextCustomizers = set[org.springframework.boot.test.context.filter.ExcludeFilterContextCustomizer@7c729a55, org.springframework.boot.test.json.DuplicateJsonObjectContextCustomizerFactory$DuplicateJsonObjectContextCustomizer@5af3afd9, org.springframework.boot.test.mock.mockito.MockitoContextCustomizer@0, org.springframework.boot.test.web.client.TestRestTemplateContextCustomizer@6572421, org.springframework.boot.test.autoconfigure.properties.PropertyMappingContextCustomizer@0, org.springframework.boot.test.autoconfigure.web.servlet.WebDriverContextCustomizerFactory$Customizer@74fe5c40], resourceBasePath = 'src/main/webapp', contextLoader = 'org.springframework.boot.test.context.SpringBootContextLoader', parent = [null]], attributes = map['org.springframework.test.context.web.ServletTestExecutionListener.activateListener' -> true]], class annotated with @DirtiesContext [false] with mode [null].
18:01:18.620 [main] DEBUG org.springframework.test.context.support.TestPropertySourceUtils - Adding inlined properties to environment: {spring.jmx.enabled=false, org.springframework.boot.test.context.SpringBootTestContextBootstrapper=true, server.port=-1}

  .   ____          _            __ _ _
 /\\ / ___'_ __ _ _(_)_ __  __ _ \ \ \ \
( ( )\___ | '_ | '_| | '_ \/ _` | \ \ \ \
 \\/  ___)| |_)| | | | | || (_| |  ) ) ) )
  '  |____| .__|_| |_|_| |_\__, | / / / /
 =========|_|==============|___/=/_/_/_/
 :: Spring Boot ::        (v2.2.1.RELEASE)

2019-11-27 18:01:19.299  INFO 12380 --- [           main] c.cts.HospitalFrontDeskApplicationTests  : Starting HospitalFrontDeskApplicationTests on LT088762 with PID 12380 (started by 758154 in C:\kirti\hospital-front-desk)
2019-11-27 18:01:19.301  INFO 12380 --- [           main] c.cts.HospitalFrontDeskApplicationTests  : No active profile set, falling back to default profiles: default
2019-11-27 18:01:22.178  INFO 12380 --- [           main] o.s.s.concurrent.ThreadPoolTaskExecutor  : Initializing ExecutorService 'applicationTaskExecutor'
2019-11-27 18:01:23.308  INFO 12380 --- [           main] o.s.b.a.e.web.EndpointLinksResolver      : Exposing 13 endpoint(s) beneath base path '/actuator'
2019-11-27 18:01:23.423  INFO 12380 --- [           main] c.cts.HospitalFrontDeskApplicationTests  : Started HospitalFrontDeskApplicationTests in 4.776 seconds (JVM running for 6.703)
]]></system-out>
  </testcase>
</testsuite>